<?xml version="1.0" encoding="UTF-8"?>
<!-- Generated by org.testng.reporters.JUnitXMLReporter -->
<testsuite ignored="2" hostname="DESKTOP-AUUJL9B" failures="0" tests="1" name="Parameter Test three" time="0.002" errors="0" timestamp="30 Oct 2021 06:09:16 GMT">
  <testcase classname="com.qa.tests.ParameterTest" name="prameterTestThree" time="0.0"/>
  <testcase classname="com.qa.tests.ParameterTest" name="prameterTestTwo" time="0.0">
    <ignored/>
  </testcase> <!-- prameterTestTwo -->
  <testcase classname="com.qa.tests.ParameterTest" name="prameterTestOne" time="0.0">
    <ignored/>
  </testcase> <!-- prameterTestOne -->
</testsuite> <!-- Parameter Test three -->
