<?xml version="1.0" encoding="UTF-8"?>
<!-- Generated by org.testng.reporters.JUnitXMLReporter -->
<testsuite ignored="1" hostname="DESKTOP-AUUJL9B" failures="0" tests="4" name="GRP-sanity" time="4.635" errors="0" timestamp="28 Oct 2021 07:34:01 GMT">
  <testcase classname="com.qa.tests.LoginPageTest" name="test1" time="0.009"/>
  <testcase classname="com.qa.tests.LoginPageTest" name="test2" time="0.001"/>
  <testcase classname="com.qa.tests.LoginPageTest" name="test4" time="0.001"/>
  <testcase classname="com.qa.tests.LoginPageTest" name="refresh" time="4.604"/>
  <testcase classname="com.qa.tests.LoginPageTest" name="test3" time="0.0">
    <ignored/>
  </testcase> <!-- test3 -->
</testsuite> <!-- GRP-sanity -->
