<?xml version="1.0" encoding="UTF-8"?>
<!-- Generated by org.testng.reporters.JUnitXMLReporter -->
<testsuite ignored="0" hostname="DESKTOP-AUUJL9B" failures="0" tests="6" name="Independent test" time="0.037" errors="0" timestamp="28 Oct 2021 17:02:49 GMT">
  <testcase classname="com.qa.tests.ParallelMethodRunTest" name="testMethod" time="0.01"/>
  <testcase classname="com.qa.tests.ParallelMethodRunTest" name="testMethod" time="0.01"/>
  <testcase classname="com.qa.tests.ParallelMethodRunTest" name="testMethod" time="0.001"/>
  <testcase classname="com.qa.tests.ParallelMethodRunTest" name="testMethod" time="0.001"/>
  <testcase classname="com.qa.tests.ParallelMethodRunTest" name="testMethod" time="0.001"/>
  <testcase classname="com.qa.tests.ParallelMethodRunTest" name="testMethod" time="0.001"/>
</testsuite> <!-- Independent test -->
