<?xml version="1.0" encoding="UTF-8"?>
<!-- Generated by org.testng.reporters.JUnitXMLReporter -->
<testsuite ignored="0" hostname="DESKTOP-AUUJL9B" failures="0" tests="4" name="Default test" time="9.5" errors="0" timestamp="25 Oct 2021 12:02:06 GMT">
  <testcase classname="com.qa.tests.LoginPageTest" name="test1" time="0.01"/>
  <testcase classname="com.qa.tests.LoginPageTest" name="test2" time="0.001"/>
  <testcase classname="com.qa.tests.LoginPageTest" name="test3" time="0.001"/>
  <testcase classname="com.qa.tests.LoginPageTest" name="refresh" time="9.46"/>
</testsuite> <!-- Default test -->
