<?xml version="1.0" encoding="UTF-8"?>
<!-- Generated by org.testng.reporters.JUnitXMLReporter -->
<testsuite ignored="2" hostname="DESKTOP-AUUJL9B" failures="0" tests="2" name="Default test" time="0.027" errors="0" timestamp="30 Oct 2021 16:45:13 GMT">
  <testcase classname="com.qa.tests.DataProviderTestImp1" name="testCustomerName" time="0.006"/>
  <testcase classname="com.qa.tests.DataProviderTestImp1" name="testCustomerName" time="0.001"/>
  <testcase classname="com.qa.tests.DataProviderTestImp1" name="testCountryName" time="0.0">
    <ignored/>
  </testcase> <!-- testCountryName -->
  <testcase classname="com.qa.tests.DataProviderTestImp1" name="testCityName" time="0.0">
    <ignored/>
  </testcase> <!-- testCityName -->
</testsuite> <!-- Default test -->
