<?xml version="1.0" encoding="UTF-8"?>
<testng-results ignored="6" total="9" passed="3" failed="0" skipped="0">
  <reporter-output>
  </reporter-output>
  <suite started-at="2021-10-30T06:09:16Z" name="Parameter test Suite" finished-at="2021-10-30T06:09:16Z" duration-ms="130">
    <groups>
    </groups>
    <test started-at="2021-10-30T06:09:16Z" name="Parameter Test one" finished-at="2021-10-30T06:09:16Z" duration-ms="25">
      <class name="com.qa.tests.ParameterTest">
        <test-method signature="prameterTestOne(java.lang.String)[pri:0, instance:com.qa.tests.ParameterTest@4c39bec8]" started-at="2021-10-30T06:09:16Z" name="prameterTestOne" finished-at="2021-10-30T06:09:16Z" duration-ms="8" status="PASS">
          <params>
            <param index="0">
              <value>
                <![CDATA[suite level parameter]]>
              </value>
            </param>
          </params>
          <reporter-output>
          </reporter-output>
        </test-method> <!-- prameterTestOne -->
      </class> <!-- com.qa.tests.ParameterTest -->
    </test> <!-- Parameter Test one -->
    <test started-at="2021-10-30T06:09:16Z" name="Parameter Test two" finished-at="2021-10-30T06:09:16Z" duration-ms="3">
      <class name="com.qa.tests.ParameterTest">
        <test-method signature="prameterTestTwo(java.lang.String)[pri:0, instance:com.qa.tests.ParameterTest@683dbc2c]" started-at="2021-10-30T06:09:16Z" name="prameterTestTwo" finished-at="2021-10-30T06:09:16Z" duration-ms="1" status="PASS">
          <params>
            <param index="0">
              <value>
                <![CDATA[Test two parameter]]>
              </value>
            </param>
          </params>
          <reporter-output>
          </reporter-output>
        </test-method> <!-- prameterTestTwo -->
      </class> <!-- com.qa.tests.ParameterTest -->
    </test> <!-- Parameter Test two -->
    <test started-at="2021-10-30T06:09:16Z" name="Parameter Test three" finished-at="2021-10-30T06:09:16Z" duration-ms="2">
      <class name="com.qa.tests.ParameterTest">
        <test-method signature="prameterTestThree(java.lang.String, java.lang.String)[pri:0, instance:com.qa.tests.ParameterTest@548e6d58]" started-at="2021-10-30T06:09:16Z" name="prameterTestThree" finished-at="2021-10-30T06:09:16Z" duration-ms="0" status="PASS">
          <params>
            <param index="0">
              <value>
                <![CDATA[overiding suite parameter]]>
              </value>
            </param>
            <param index="1">
              <value>
                <![CDATA[test three parameter]]>
              </value>
            </param>
          </params>
          <reporter-output>
          </reporter-output>
        </test-method> <!-- prameterTestThree -->
      </class> <!-- com.qa.tests.ParameterTest -->
    </test> <!-- Parameter Test three -->
  </suite> <!-- Parameter test Suite -->
</testng-results>
