<?xml version="1.0" encoding="UTF-8"?>
<testng-results ignored="2" total="4" passed="2" failed="0" skipped="0">
  <reporter-output>
  </reporter-output>
  <suite started-at="2021-10-30T16:45:13Z" name="Default suite" finished-at="2021-10-30T16:45:13Z" duration-ms="27">
    <groups>
    </groups>
    <test started-at="2021-10-30T16:45:13Z" name="Default test" finished-at="2021-10-30T16:45:13Z" duration-ms="27">
      <class name="com.qa.tests.DataProviderTestImp1">
        <test-method signature="testCustomerName(java.lang.String, int)[pri:0, instance:com.qa.tests.DataProviderTestImp1@6cdba6dc]" started-at="2021-10-30T16:45:13Z" name="testCustomerName" data-provider="customerNames" finished-at="2021-10-30T16:45:13Z" duration-ms="6" status="PASS">
          <params>
            <param index="0">
              <value>
                <![CDATA[Gaurav]]>
              </value>
            </param>
            <param index="1">
              <value>
                <![CDATA[30]]>
              </value>
            </param>
          </params>
          <reporter-output>
          </reporter-output>
        </test-method> <!-- testCustomerName -->
        <test-method signature="testCustomerName(java.lang.String, int)[pri:0, instance:com.qa.tests.DataProviderTestImp1@6cdba6dc]" started-at="2021-10-30T16:45:13Z" name="testCustomerName" data-provider="customerNames" finished-at="2021-10-30T16:45:13Z" duration-ms="1" status="PASS">
          <params>
            <param index="0">
              <value>
                <![CDATA[Sumit]]>
              </value>
            </param>
            <param index="1">
              <value>
                <![CDATA[40]]>
              </value>
            </param>
          </params>
          <reporter-output>
          </reporter-output>
        </test-method> <!-- testCustomerName -->
      </class> <!-- com.qa.tests.DataProviderTestImp1 -->
    </test> <!-- Default test -->
  </suite> <!-- Default suite -->
</testng-results>
